This is pdfTeX, Version 3.141592653-2.6-1.40.23 (MiKTeX 21.8) (preloaded format=pdflatex 2021.10.25)  28 OCT 2021 22:19
entering extended mode
**./homework04.tex
(homework04.tex
LaTeX2e <2021-06-01> patch level 1
L3 programming layer <2021-08-27>
(C:\Users\jarde\AppData\Local\Programs\MiKTeX\tex/latex/base\article.cls
Document Class: article 2021/02/12 v1.4n Standard LaTeX document class
(C:\Users\jarde\AppData\Local\Programs\MiKTeX\tex/latex/base\size10.clo
File: size10.clo 2021/02/12 v1.4n Standard LaTeX file (size option)
)
\c@part=\count182
\c@section=\count183
\c@subsection=\count184
\c@subsubsection=\count185
\c@paragraph=\count186
\c@subparagraph=\count187
\c@figure=\count188
\c@table=\count189
\abovecaptionskip=\skip47
\belowcaptionskip=\skip48
\bibindent=\dimen138
)
(C:\Users\jarde\AppData\Local\Programs\MiKTeX\tex/latex/base\inputenc.sty
Package: inputenc 2021/02/14 v1.3d Input encoding file
\inpenc@prehook=\toks16
\inpenc@posthook=\toks17
)
(C:\Users\jarde\AppData\Local\Programs\MiKTeX\tex/latex/amsmath\amsmath.sty
Package: amsmath 2021/04/20 v2.17j AMS math features
\@mathmargin=\skip49

For additional information on amsmath, use the `?' option.
(C:\Users\jarde\AppData\Local\Programs\MiKTeX\tex/latex/amsmath\amstext.sty
Package: amstext 2000/06/29 v2.01 AMS text

(C:\Users\jarde\AppData\Local\Programs\MiKTeX\tex/latex/amsmath\amsgen.sty
File: amsgen.sty 1999/11/30 v2.0 generic functions
\@emptytoks=\toks18
\ex@=\dimen139
))
(C:\Users\jarde\AppData\Local\Programs\MiKTeX\tex/latex/amsmath\amsbsy.sty
Package: amsbsy 1999/11/29 v1.2d Bold Symbols
\pmbraise@=\dimen140
)
(C:\Users\jarde\AppData\Local\Programs\MiKTeX\tex/latex/amsmath\amsopn.sty
Package: amsopn 2016/03/08 v2.02 operator names
)
\inf@bad=\count190
LaTeX Info: Redefining \frac on input line 234.
\uproot@=\count191
\leftroot@=\count192
LaTeX Info: Redefining \overline on input line 399.
\classnum@=\count193
\DOTSCASE@=\count194
LaTeX Info: Redefining \ldots on input line 496.
LaTeX Info: Redefining \dots on input line 499.
LaTeX Info: Redefining \cdots on input line 620.
\Mathstrutbox@=\box50
\strutbox@=\box51
\big@size=\dimen141
LaTeX Font Info:    Redeclaring font encoding OML on input line 743.
LaTeX Font Info:    Redeclaring font encoding OMS on input line 744.
\macc@depth=\count195
\c@MaxMatrixCols=\count196
\dotsspace@=\muskip16
\c@parentequation=\count197
\dspbrk@lvl=\count198
\tag@help=\toks19
\row@=\count199
\column@=\count266
\maxfields@=\count267
\andhelp@=\toks20
\eqnshift@=\dimen142
\alignsep@=\dimen143
\tagshift@=\dimen144
\tagwidth@=\dimen145
\totwidth@=\dimen146
\lineht@=\dimen147
\@envbody=\toks21
\multlinegap=\skip50
\multlinetaggap=\skip51
\mathdisplay@stack=\toks22
LaTeX Info: Redefining \[ on input line 2923.
LaTeX Info: Redefining \] on input line 2924.
)
(C:\Users\jarde\AppData\Local\Programs\MiKTeX\tex/latex/amsfonts\amssymb.sty
Package: amssymb 2013/01/14 v3.01 AMS font symbols

(C:\Users\jarde\AppData\Local\Programs\MiKTeX\tex/latex/amsfonts\amsfonts.sty
Package: amsfonts 2013/01/14 v3.01 Basic AMSFonts support
\symAMSa=\mathgroup4
\symAMSb=\mathgroup5
LaTeX Font Info:    Redeclaring math symbol \hbar on input line 98.
LaTeX Font Info:    Overwriting math alphabet `\mathfrak' in version `bold'
(Font)                  U/euf/m/n --> U/euf/b/n on input line 106.
)) (C:\Users\jarde\AppData\Local\Programs\MiKTeX\tex/latex/graphics\graphicx.st
y
Package: graphicx 2020/12/05 v1.2c Enhanced LaTeX Graphics (DPC,SPQR)

(C:\Users\jarde\AppData\Local\Programs\MiKTeX\tex/latex/graphics\keyval.sty
Package: keyval 2014/10/28 v1.15 key=value parser (DPC)
\KV@toks@=\toks23
)
(C:\Users\jarde\AppData\Local\Programs\MiKTeX\tex/latex/graphics\graphics.sty
Package: graphics 2021/03/04 v1.4d Standard LaTeX Graphics (DPC,SPQR)

(C:\Users\jarde\AppData\Local\Programs\MiKTeX\tex/latex/graphics\trig.sty
Package: trig 2016/01/03 v1.10 sin cos tan (DPC)
)
(C:\Users\jarde\AppData\Local\Programs\MiKTeX\tex/latex/graphics-cfg\graphics.c
fg
File: graphics.cfg 2016/06/04 v1.11 sample graphics configuration
)
Package graphics Info: Driver file: pdftex.def on input line 107.

(C:\Users\jarde\AppData\Local\Programs\MiKTeX\tex/latex/graphics-def\pdftex.def
File: pdftex.def 2020/10/05 v1.2a Graphics/color driver for pdftex
))
\Gin@req@height=\dimen148
\Gin@req@width=\dimen149
) (C:\Users\jarde\AppData\Local\Programs\MiKTeX\tex/latex/wrapfig\wrapfig.sty
\wrapoverhang=\dimen150
\WF@size=\dimen151
\c@WF@wrappedlines=\count268
\WF@box=\box52
\WF@everypar=\toks24
Package: wrapfig 2003/01/31  v 3.6
)
(C:\Users\jarde\AppData\Local\Programs\MiKTeX\tex/latex/l3backend\l3backend-pdf
tex.def
File: l3backend-pdftex.def 2021-08-04 L3 backend support: PDF output (pdfTeX)
\l__color_backend_stack_int=\count269
\l__pdf_internal_box=\box53
)
No file homework04.aux.
\openout1 = `homework04.aux'.

LaTeX Font Info:    Checking defaults for OML/cmm/m/it on input line 22.
LaTeX Font Info:    ... okay on input line 22.
LaTeX Font Info:    Checking defaults for OMS/cmsy/m/n on input line 22.
LaTeX Font Info:    ... okay on input line 22.
LaTeX Font Info:    Checking defaults for OT1/cmr/m/n on input line 22.
LaTeX Font Info:    ... okay on input line 22.
LaTeX Font Info:    Checking defaults for T1/cmr/m/n on input line 22.
LaTeX Font Info:    ... okay on input line 22.
LaTeX Font Info:    Checking defaults for TS1/cmr/m/n on input line 22.
LaTeX Font Info:    ... okay on input line 22.
LaTeX Font Info:    Checking defaults for OMX/cmex/m/n on input line 22.
LaTeX Font Info:    ... okay on input line 22.
LaTeX Font Info:    Checking defaults for U/cmr/m/n on input line 22.
LaTeX Font Info:    ... okay on input line 22.

(C:\Users\jarde\AppData\Local\Programs\MiKTeX\tex/context/base/mkii\supp-pdf.mk
ii
[Loading MPS to PDF converter (version 2006.09.02).]
\scratchcounter=\count270
\scratchdimen=\dimen152
\scratchbox=\box54
\nofMPsegments=\count271
\nofMParguments=\count272
\everyMPshowfont=\toks25
\MPscratchCnt=\count273
\MPscratchDim=\dimen153
\MPnumerator=\count274
\makeMPintoPDFobject=\count275
\everyMPtoPDFconversion=\toks26
)
(C:\Users\jarde\AppData\Local\Programs\MiKTeX\tex/latex/epstopdf-pkg\epstopdf-b
ase.sty
Package: epstopdf-base 2020-01-24 v2.11 Base part for package epstopdf
Package epstopdf-base Info: Redefining graphics rule for `.eps' on input line 4
85.

(C:\Users\jarde\AppData\Local\Programs\MiKTeX\tex/latex/00miktex\epstopdf-sys.c
fg
File: epstopdf-sys.cfg 2021/03/18 v2.0 Configuration of epstopdf for MiKTeX
))
LaTeX Font Info:    Trying to load font information for U+msa on input line 24.

 (C:\Users\jarde\AppData\Local\Programs\MiKTeX\tex/latex/amsfonts\umsa.fd
File: umsa.fd 2013/01/14 v3.01 AMS symbols A
)
LaTeX Font Info:    Trying to load font information for U+msb on input line 24.


(C:\Users\jarde\AppData\Local\Programs\MiKTeX\tex/latex/amsfonts\umsb.fd
File: umsb.fd 2013/01/14 v3.01 AMS symbols B
)
Underfull \hbox (badness 10000) in paragraph at lines 29--30

 []


Underfull \hbox (badness 10000) in paragraph at lines 36--37

 []


Underfull \hbox (badness 10000) in paragraph at lines 45--46

 []

[1

{C:/Users/jarde/AppData/Local/MiKTeX/pdftex/config/pdftex.map}]
Underfull \hbox (badness 10000) in paragraph at lines 54--55

 []


Underfull \hbox (badness 10000) in paragraph at lines 60--70

 []


Underfull \hbox (badness 10000) in paragraph at lines 60--70

 []

[2]
Underfull \hbox (badness 10000) in paragraph at lines 72--73

 []

<./images//Matlab1.jpg, id=18, 702.625pt x 526.96875pt>
File: ./images//Matlab1.jpg Graphic file (type jpg)
<use ./images//Matlab1.jpg>
Package pdftex.def Info: ./images//Matlab1.jpg  used on input line 78.
(pdftex.def)             Requested size: 702.62328pt x 526.96745pt.
<./images//Matlab2.jpg, id=19, 702.625pt x 526.96875pt>
File: ./images//Matlab2.jpg Graphic file (type jpg)
<use ./images//Matlab2.jpg>
Package pdftex.def Info: ./images//Matlab2.jpg  used on input line 81.
(pdftex.def)             Requested size: 702.62328pt x 526.96745pt.

Underfull \hbox (badness 10000) in paragraph at lines 83--89

 []

[3 <./images//Matlab1.jpg> <./images//Matlab2.jpg>]
! Undefined control sequence.
<recently read> \fontbf 
                        
l.90     for $\fontbf
                     {x} = \newVec{-1}{1}$:\\ \includegraphics[width=50mm,sc...
The control sequence at the end of the top line
of your error message was never \def'ed. If you have
misspelled it (e.g., `\hobx'), type `I' and the correct
spelling (e.g., `I\hbox'). Otherwise just continue,
and I'll forget about whatever was undefined.

<./images//Matlab3.jpg, id=24, 702.625pt x 526.96875pt>
File: ./images//Matlab3.jpg Graphic file (type jpg)
<use ./images//Matlab3.jpg>
Package pdftex.def Info: ./images//Matlab3.jpg  used on input line 90.
(pdftex.def)             Requested size: 702.62328pt x 526.96745pt.
! Undefined control sequence.
<recently read> \fontbf 
                        
l.91     for $\fontbf
                     {x} = \newVec{-1}{0}$:\\
The control sequence at the end of the top line
of your error message was never \def'ed. If you have
misspelled it (e.g., `\hobx'), type `I' and the correct
spelling (e.g., `I\hbox'). Otherwise just continue,
and I'll forget about whatever was undefined.

<./images//Matlab4.jpg, id=25, 702.625pt x 526.96875pt>
File: ./images//Matlab4.jpg Graphic file (type jpg)
<use ./images//Matlab4.jpg>
Package pdftex.def Info: ./images//Matlab4.jpg  used on input line 92.
(pdftex.def)             Requested size: 702.62328pt x 526.96745pt.

Underfull \hbox (badness 10000) in paragraph at lines 90--92

 []

[4 <./images//Matlab3.jpg> <./images//Matlab4.jpg>]
! Undefined control sequence.
<recently read> \fontbf 
                        
l.93     for $\fontbf
                     {x} = \newVec{0.5}{-1}$:\\
The control sequence at the end of the top line
of your error message was never \def'ed. If you have
misspelled it (e.g., `\hobx'), type `I' and the correct
spelling (e.g., `I\hbox'). Otherwise just continue,
and I'll forget about whatever was undefined.

<./images//Matlab5.jpg, id=29, 702.625pt x 526.96875pt>
File: ./images//Matlab5.jpg Graphic file (type jpg)
<use ./images//Matlab5.jpg>
Package pdftex.def Info: ./images//Matlab5.jpg  used on input line 94.
(pdftex.def)             Requested size: 702.62328pt x 526.96745pt.

Underfull \hbox (badness 10000) in paragraph at lines 93--96

 []

<./images//Matlab1_1.jpg, id=30, 702.625pt x 526.96875pt>
File: ./images//Matlab1_1.jpg Graphic file (type jpg)
<use ./images//Matlab1_1.jpg>
Package pdftex.def Info: ./images//Matlab1_1.jpg  used on input line 102.
(pdftex.def)             Requested size: 702.62328pt x 526.96745pt.
<./images//Matlab1_2.jpg, id=31, 702.625pt x 526.96875pt>
File: ./images//Matlab1_2.jpg Graphic file (type jpg)
<use ./images//Matlab1_2.jpg>
Package pdftex.def Info: ./images//Matlab1_2.jpg  used on input line 104.
(pdftex.def)             Requested size: 702.62328pt x 526.96745pt.
[5 <./images//Matlab5.jpg> <./images//Matlab1_1.jpg>]
Underfull \hbox (badness 10000) in paragraph at lines 105--112

 []

! Undefined control sequence.
<recently read> \fontbf 
                        
l.113     for $\fontbf
                      {x} = \newVec{-1}{1}$:\\ \includegraphics[width=50mm,s...
The control sequence at the end of the top line
of your error message was never \def'ed. If you have
misspelled it (e.g., `\hobx'), type `I' and the correct
spelling (e.g., `I\hbox'). Otherwise just continue,
and I'll forget about whatever was undefined.

<./images//Matlab1_3.jpg, id=35, 702.625pt x 526.96875pt>
File: ./images//Matlab1_3.jpg Graphic file (type jpg)
<use ./images//Matlab1_3.jpg>
Package pdftex.def Info: ./images//Matlab1_3.jpg  used on input line 113.
(pdftex.def)             Requested size: 702.62328pt x 526.96745pt.

Underfull \hbox (badness 10000) in paragraph at lines 113--113

 []

[6 <./images//Matlab1_2.jpg> <./images//Matlab1_3.jpg>]
! Undefined control sequence.
<recently read> \fontbf 
                        
l.114     for $\fontbf
                      {x} = \newVec{-1}{0}$:\\
The control sequence at the end of the top line
of your error message was never \def'ed. If you have
misspelled it (e.g., `\hobx'), type `I' and the correct
spelling (e.g., `I\hbox'). Otherwise just continue,
and I'll forget about whatever was undefined.

<./images//Matlab1_4.jpg, id=39, 702.625pt x 526.96875pt>
File: ./images//Matlab1_4.jpg Graphic file (type jpg)
<use ./images//Matlab1_4.jpg>
Package pdftex.def Info: ./images//Matlab1_4.jpg  used on input line 115.
(pdftex.def)             Requested size: 702.62328pt x 526.96745pt.
! Undefined control sequence.
<recently read> \fontbf 
                        
l.116     for $\fontbf
                      {x} = \newVec{0.5}{-1}$:\\
The control sequence at the end of the top line
of your error message was never \def'ed. If you have
misspelled it (e.g., `\hobx'), type `I' and the correct
spelling (e.g., `I\hbox'). Otherwise just continue,
and I'll forget about whatever was undefined.

<./images//Matlab1_5.jpg, id=40, 702.625pt x 526.96875pt>
File: ./images//Matlab1_5.jpg Graphic file (type jpg)
<use ./images//Matlab1_5.jpg>
Package pdftex.def Info: ./images//Matlab1_5.jpg  used on input line 117.
(pdftex.def)             Requested size: 702.62328pt x 526.96745pt.

Underfull \hbox (badness 10000) in paragraph at lines 114--119

 []


Underfull \hbox (badness 10000) in paragraph at lines 126--133

 []


Underfull \hbox (badness 10000) in paragraph at lines 126--133

 []


Underfull \hbox (badness 10000) in paragraph at lines 126--133

 []


Underfull \hbox (badness 10000) in paragraph at lines 135--136

 []

[7 <./images//Matlab1_4.jpg> <./images//Matlab1_5.jpg>]
Underfull \hbox (badness 10000) in paragraph at lines 138--147

 []


Underfull \hbox (badness 10000) in paragraph at lines 138--147

 []


Underfull \hbox (badness 10000) in paragraph at lines 138--147

 []


Underfull \hbox (badness 10000) in paragraph at lines 138--147

 []


Underfull \hbox (badness 10000) in paragraph at lines 138--147

 []

[8] (homework04.aux) ) 
Here is how much of TeX's memory you used:
 2595 strings out of 478927
 36560 string characters out of 2852534
 342397 words of memory out of 3000000
 20440 multiletter control sequences out of 15000+600000
 411000 words of font info for 57 fonts, out of 8000000 for 9000
 1141 hyphenation exceptions out of 8191
 57i,8n,66p,824b,299s stack positions out of 5000i,500n,10000p,200000b,80000s
<C:/Users/jarde/AppData/Local/Programs/MiKTeX/fonts/type1
/public/amsfonts/cm/cmbx10.pfb><C:/Users/jarde/AppData/Local/Programs/MiKTeX/fo
nts/type1/public/amsfonts/cm/cmex10.pfb><C:/Users/jarde/AppData/Local/Programs/
MiKTeX/fonts/type1/public/amsfonts/cm/cmmi10.pfb><C:/Users/jarde/AppData/Local/
Programs/MiKTeX/fonts/type1/public/amsfonts/cm/cmmi7.pfb><C:/Users/jarde/AppDat
a/Local/Programs/MiKTeX/fonts/type1/public/amsfonts/cm/cmr10.pfb><C:/Users/jard
e/AppData/Local/Programs/MiKTeX/fonts/type1/public/amsfonts/cm/cmr12.pfb><C:/Us
ers/jarde/AppData/Local/Programs/MiKTeX/fonts/type1/public/amsfonts/cm/cmr17.pf
b><C:/Users/jarde/AppData/Local/Programs/MiKTeX/fonts/type1/public/amsfonts/cm/
cmr7.pfb><C:/Users/jarde/AppData/Local/Programs/MiKTeX/fonts/type1/public/amsfo
nts/cm/cmsy10.pfb><C:/Users/jarde/AppData/Local/Programs/MiKTeX/fonts/type1/pub
lic/amsfonts/cm/cmsy7.pfb><C:/Users/jarde/AppData/Local/Programs/MiKTeX/fonts/t
ype1/public/amsfonts/symbols/msam10.pfb>
Output written on homework04.pdf (8 pages, 342932 bytes).
PDF statistics:
 94 PDF objects out of 1000 (max. 8388607)
 0 named destinations out of 1000 (max. 500000)
 51 words of extra memory for PDF output out of 10000 (max. 10000000)

